[2023-05-12 00:01:29] INFO root fetch - main [MainThread]: Get Changelog since Serial: [18070020]
[2023-05-12 00:01:33] INFO root fetch - main [MainThread]: Found 21 changed packages
[2023-05-12 00:01:33] INFO root fetch - processPackages [ThreadPoolExecutor-0_0]: Start processing: honeybee-core
[2023-05-12 00:01:33] INFO root fetch - processPackages [ThreadPoolExecutor-0_1]: Start processing: xformers
[2023-05-12 00:01:33] INFO root fetch - processPackages [ThreadPoolExecutor-0_2]: Start processing: altimate-dataminion
[2023-05-12 00:01:33] INFO root fetch - processPackages [ThreadPoolExecutor-0_3]: Start processing: ygt
[2023-05-12 00:01:33] INFO root fetch - processPackages [ThreadPoolExecutor-0_4]: Start processing: pgvector
[2023-05-12 00:01:33] INFO root fetch - processPackages [ThreadPoolExecutor-0_5]: Start processing: cheap-pie
[2023-05-12 00:01:33] INFO root fetch - processPackages [ThreadPoolExecutor-0_6]: Start processing: lusid-sdk
[2023-05-12 00:01:33] INFO root fetch - processPackages [ThreadPoolExecutor-0_7]: Start processing: validmind
[2023-05-12 00:01:33] INFO root fetch - processPackages [ThreadPoolExecutor-0_8]: Start processing: pyqrack
[2023-05-12 00:01:33] INFO root fetch - processPackages [ThreadPoolExecutor-0_9]: Start processing: eftl
[2023-05-12 00:01:34] WARNING root fetch - processPackages [altimate-dataminion]: Skipping, unable to determine old version
[2023-05-12 00:01:34] INFO root fetch - processPackages [altimate-dataminion]: Start processing: glue-astronomy
[2023-05-12 00:01:34] INFO root fetch - main [MainThread]: End processing [altimate-dataminion] error
[2023-05-12 00:01:34] WARNING root fetch - processPackages [validmind]: Skipping, unable to determine old version
[2023-05-12 00:01:34] INFO root fetch - processPackages [validmind]: Start processing: cdk-nag
[2023-05-12 00:01:34] INFO root fetch - main [MainThread]: End processing [validmind] error
[2023-05-12 00:01:34] INFO root fetch - processPackages [pgvector]: New version: [0.1.7] Old Version: [0.1.6]
[2023-05-12 00:01:34] INFO root fetch - processPackages [eftl]: New version: [1.3.0] Old Version: [1.2.0]
[2023-05-12 00:01:34] INFO root fetch - processPackages [xformers]: New version: [0.0.9] Old Version: [0.0.8]
[2023-05-12 00:01:34] INFO root fetch - processPackages [ygt]: New version: [0.2.0] Old Version: [0.1.6]
[2023-05-12 00:01:34] INFO root fetch - processPackages [glue-astronomy]: New version: [0.8.0] Old Version: [0.7.0]
[2023-05-12 00:01:34] INFO root fetch - processPackages [cheap-pie]: New version: [0.9.19] Old Version: [0.9.18]
[2023-05-12 00:01:34] INFO root fetch - processPackages [honeybee-core]: New version: [1.9.0] Old Version: [1.8.1]
[2023-05-12 00:01:34] INFO root fetch - processPackages [pyqrack]: New version: [1.9.0] Old Version: [1.8.4]
[2023-05-12 00:01:34] INFO root fetch - processPackages [cdk-nag]: New version: [2.9.7] Old Version: [2.9.6]
[2023-05-12 00:01:34] INFO root fetch - processPackages [lusid-sdk]: New version: [1.0.98] Old Version: [1.0.91]
[2023-05-12 00:01:34] INFO root fetch - processPackages [pgvector]: Downloading https://files.pythonhosted.org/packages/d4/d5/e5e122565c098c1428f41e132b7d93ca549c31b5c98a67feb1ca88e9af46/pgvector-0.1.6-py2.py3-none-any.whl
[2023-05-12 00:01:34] INFO root fetch - processPackages [eftl]: Downloading https://files.pythonhosted.org/packages/9c/cc/7d93ab0fc1dab05382632803723a654d348ee57cb2714879b4ddc6624b82/eftl-1.2.0-py3-none-any.whl
[2023-05-12 00:01:34] INFO root fetch - processPackages [ygt]: Downloading https://files.pythonhosted.org/packages/37/14/3d2102452f4333465cd13c403681f0a62b742e5c7062ae6134a26ecb3381/ygt-0.1.6.tar.gz
[2023-05-12 00:01:34] INFO root fetch - processPackages [glue-astronomy]: Downloading https://files.pythonhosted.org/packages/f3/77/8b0954ec39f3eb2d30dbb0459de882ea2b7c734e139b22909f3db6f990dd/glue-astronomy-0.7.0.tar.gz
[2023-05-12 00:01:34] INFO root fetch - processPackages [lusid-sdk]: executing diffoscope
[2023-05-12 00:01:34] INFO root fetch - processPackages [lusid-sdk]: podman run --user 0:0 --rm -w /home/abi/fetcher -v /home/abi/fetcher/tmp:/home/abi/fetcher/tmp:ro -v /home/abi/fetcher/20230512:/home/abi/fetcher/20230512:rw registry.salsa.debian.org/reproducible-builds/diffoscope --no-progress tmp/lusid-sdk-1.0.91.tar.gz tmp/lusid-sdk-1.0.98.tar.gz --markdown 20230512/l/lusid-sdk/1.0.91-1.0.98/diff.md --exclude *.pyd
[2023-05-12 00:01:34] INFO root fetch - processPackages [xformers]: Downloading https://files.pythonhosted.org/packages/81/d6/709a1f765f8ecb6217ecd010e71f23c871a6cacdf837e1186c057eb0372f/xformers-0.0.8.tar.gz
[2023-05-12 00:01:34] INFO root fetch - processPackages [cdk-nag]: executing diffoscope
[2023-05-12 00:01:34] INFO root fetch - processPackages [cdk-nag]: podman run --user 0:0 --rm -w /home/abi/fetcher -v /home/abi/fetcher/tmp:/home/abi/fetcher/tmp:ro -v /home/abi/fetcher/20230512:/home/abi/fetcher/20230512:rw registry.salsa.debian.org/reproducible-builds/diffoscope --no-progress tmp/cdk-nag-2.9.6.tar.gz tmp/cdk-nag-2.9.7.tar.gz --markdown 20230512/c/cdk-nag/2.9.6-2.9.7/diff.md --exclude *.pyd
[2023-05-12 00:01:34] INFO root fetch - processPackages [pyqrack]: Downloading https://files.pythonhosted.org/packages/bd/7a/6fafe2b2b22a8ec4755849b26283c1dc5cb9d37f1c7ca457e5d85352948e/pyqrack-1.8.4.tar.gz
[2023-05-12 00:01:34] INFO root fetch - processPackages [cheap-pie]: Downloading https://files.pythonhosted.org/packages/cf/3c/34ba54cd60da32f96ce23f9e61ffa1181e68525043155087bdaf873ef0cb/cheap_pie-0.9.19.tar.gz
[2023-05-12 00:01:34] WARNING root fetch - processPackages [pyqrack]: Skipping package: exceeds size limit 25361179>=10485760
[2023-05-12 00:01:34] INFO root fetch - processPackages [pyqrack]: Start processing: lusid-sdk-preview
[2023-05-12 00:01:34] INFO root fetch - main [MainThread]: End processing [pyqrack] error
[2023-05-12 00:01:34] INFO root fetch - processPackages [pgvector]: Downloading https://files.pythonhosted.org/packages/ec/28/7319f6755a8aa54d461e91d1de31e8b69ae2d981fe20c4e924430f7f5b51/pgvector-0.1.7-py2.py3-none-any.whl
[2023-05-12 00:01:34] INFO root fetch - processPackages [cheap-pie]: executing diffoscope
[2023-05-12 00:01:34] INFO root fetch - processPackages [cheap-pie]: podman run --user 0:0 --rm -w /home/abi/fetcher -v /home/abi/fetcher/tmp:/home/abi/fetcher/tmp:ro -v /home/abi/fetcher/20230512:/home/abi/fetcher/20230512:rw registry.salsa.debian.org/reproducible-builds/diffoscope --no-progress tmp/cheap_pie-0.9.18.tar.gz tmp/cheap_pie-0.9.19.tar.gz --markdown 20230512/c/cheap-pie/0.9.18-0.9.19/diff.md --exclude *.pyd
[2023-05-12 00:01:34] INFO root fetch - processPackages [glue-astronomy]: Downloading https://files.pythonhosted.org/packages/4f/4b/451bf83202c8dc2676261b055272bc3fceffc57235dd6356c6ae510a57cf/glue-astronomy-0.8.0.tar.gz
[2023-05-12 00:01:34] INFO root fetch - processPackages [honeybee-core]: executing diffoscope
[2023-05-12 00:01:34] INFO root fetch - processPackages [honeybee-core]: podman run --user 0:0 --rm -w /home/abi/fetcher -v /home/abi/fetcher/tmp:/home/abi/fetcher/tmp:ro -v /home/abi/fetcher/20230512:/home/abi/fetcher/20230512:rw registry.salsa.debian.org/reproducible-builds/diffoscope --no-progress tmp/honeybee-core-1.8.1.tar.gz tmp/honeybee-core-1.9.0.tar.gz --markdown 20230512/h/honeybee-core/1.8.1-1.9.0/diff.md --exclude *.pyd
[2023-05-12 00:01:34] INFO root fetch - processPackages [lusid-sdk-preview]: New version: [1.0.98] Old Version: [1.0.91]
[2023-05-12 00:01:34] INFO root fetch - processPackages [xformers]: Downloading https://files.pythonhosted.org/packages/8f/c2/9cfed3bb83e46be252b4a2e9a75ebb4c8a0f9df6cbb228b3646048a7d3c4/xformers-0.0.9.tar.gz
[2023-05-12 00:01:34] INFO root fetch - processPackages [pgvector]: executing diffoscope
[2023-05-12 00:01:34] INFO root fetch - processPackages [pgvector]: podman run --user 0:0 --rm -w /home/abi/fetcher -v /home/abi/fetcher/tmp:/home/abi/fetcher/tmp:ro -v /home/abi/fetcher/20230512:/home/abi/fetcher/20230512:rw registry.salsa.debian.org/reproducible-builds/diffoscope --no-progress tmp/pgvector-0.1.6-py2.py3-none-any.whl.zip tmp/pgvector-0.1.7-py2.py3-none-any.whl.zip --markdown 20230512/p/pgvector/0.1.6-0.1.7/diff.md --exclude *.pyd
[2023-05-12 00:01:34] INFO root fetch - processPackages [glue-astronomy]: executing diffoscope
[2023-05-12 00:01:34] INFO root fetch - processPackages [glue-astronomy]: podman run --user 0:0 --rm -w /home/abi/fetcher -v /home/abi/fetcher/tmp:/home/abi/fetcher/tmp:ro -v /home/abi/fetcher/20230512:/home/abi/fetcher/20230512:rw registry.salsa.debian.org/reproducible-builds/diffoscope --no-progress tmp/glue-astronomy-0.7.0.tar.gz tmp/glue-astronomy-0.8.0.tar.gz --markdown 20230512/g/glue-astronomy/0.7.0-0.8.0/diff.md --exclude *.pyd
[2023-05-12 00:01:34] INFO root fetch - processPackages [eftl]: Downloading https://files.pythonhosted.org/packages/c9/44/f34def249b3700c9ef41bb2cdf3a885fb9ac9f8fbbfc5c100521df918bad/eftl-1.3.0-py3-none-any.whl
[2023-05-12 00:01:34] INFO root fetch - processPackages [lusid-sdk-preview]: executing diffoscope
[2023-05-12 00:01:34] INFO root fetch - processPackages [lusid-sdk-preview]: podman run --user 0:0 --rm -w /home/abi/fetcher -v /home/abi/fetcher/tmp:/home/abi/fetcher/tmp:ro -v /home/abi/fetcher/20230512:/home/abi/fetcher/20230512:rw registry.salsa.debian.org/reproducible-builds/diffoscope --no-progress tmp/lusid-sdk-preview-1.0.91.tar.gz tmp/lusid-sdk-preview-1.0.98.tar.gz --markdown 20230512/l/lusid-sdk-preview/1.0.91-1.0.98/diff.md --exclude *.pyd
[2023-05-12 00:01:34] INFO root fetch - processPackages [ygt]: Downloading https://files.pythonhosted.org/packages/cc/d2/01cfd53b08e1ba5b571ddc8ba3b4389c084c4d2008131ada2a98dd68689c/ygt-0.2.0.tar.gz
[2023-05-12 00:01:34] INFO root fetch - processPackages [xformers]: executing diffoscope
[2023-05-12 00:01:34] INFO root fetch - processPackages [xformers]: podman run --user 0:0 --rm -w /home/abi/fetcher -v /home/abi/fetcher/tmp:/home/abi/fetcher/tmp:ro -v /home/abi/fetcher/20230512:/home/abi/fetcher/20230512:rw registry.salsa.debian.org/reproducible-builds/diffoscope --no-progress tmp/xformers-0.0.8.tar.gz tmp/xformers-0.0.9.tar.gz --markdown 20230512/x/xformers/0.0.8-0.0.9/diff.md --exclude *.pyd
[2023-05-12 00:01:34] INFO root fetch - processPackages [eftl]: executing diffoscope
[2023-05-12 00:01:34] INFO root fetch - processPackages [eftl]: podman run --user 0:0 --rm -w /home/abi/fetcher -v /home/abi/fetcher/tmp:/home/abi/fetcher/tmp:ro -v /home/abi/fetcher/20230512:/home/abi/fetcher/20230512:rw registry.salsa.debian.org/reproducible-builds/diffoscope --no-progress tmp/eftl-1.2.0-py3-none-any.whl.zip tmp/eftl-1.3.0-py3-none-any.whl.zip --markdown 20230512/e/eftl/1.2.0-1.3.0/diff.md --exclude *.pyd
[2023-05-12 00:01:34] INFO root fetch - processPackages [ygt]: executing diffoscope
[2023-05-12 00:01:34] INFO root fetch - processPackages [ygt]: podman run --user 0:0 --rm -w /home/abi/fetcher -v /home/abi/fetcher/tmp:/home/abi/fetcher/tmp:ro -v /home/abi/fetcher/20230512:/home/abi/fetcher/20230512:rw registry.salsa.debian.org/reproducible-builds/diffoscope --no-progress tmp/ygt-0.1.6.tar.gz tmp/ygt-0.2.0.tar.gz --markdown 20230512/y/ygt/0.1.6-0.2.0/diff.md --exclude *.pyd
[2023-05-12 00:01:36] INFO root fetch - processPackages [cheap-pie]: Start processing: xgridfit
[2023-05-12 00:01:36] INFO root fetch - main [MainThread]: End processing [cheap-pie]: success
[2023-05-12 00:01:36] INFO root fetch - processPackages [xgridfit]: New version: [3.3.0] Old Version: [3.2.9]
[2023-05-12 00:01:36] INFO root fetch - processPackages [pgvector]: Start processing: tinybrain
[2023-05-12 00:01:36] INFO root fetch - main [MainThread]: End processing [pgvector]: success
[2023-05-12 00:01:36] INFO root fetch - processPackages [xgridfit]: Downloading https://files.pythonhosted.org/packages/49/9f/e692c477abcb4ad28025e8f721b5097d981f0f012eadfa807ec744e3d82e/xgridfit-3.2.9.tar.gz
[2023-05-12 00:01:36] INFO root fetch - processPackages [glue-astronomy]: Start processing: ladybug-comfort
[2023-05-12 00:01:36] INFO root fetch - main [MainThread]: End processing [glue-astronomy]: success
[2023-05-12 00:01:36] INFO root fetch - processPackages [tinybrain]: New version: [1.3.2] Old Version: [1.3.1]
[2023-05-12 00:01:36] INFO root fetch - processPackages [ladybug-comfort]: New version: [0.9.9] Old Version: [0.9.8]
[2023-05-12 00:01:36] INFO root fetch - processPackages [eftl]: Start processing: CxAdmin
[2023-05-12 00:01:36] INFO root fetch - main [MainThread]: End processing [eftl]: success
[2023-05-12 00:01:36] INFO root fetch - processPackages [CxAdmin]: New version: [1.0.9] Old Version: [1.0.8]
[2023-05-12 00:01:37] INFO root fetch - processPackages [CxAdmin]: executing diffoscope
[2023-05-12 00:01:37] INFO root fetch - processPackages [CxAdmin]: podman run --user 0:0 --rm -w /home/abi/fetcher -v /home/abi/fetcher/tmp:/home/abi/fetcher/tmp:ro -v /home/abi/fetcher/20230512:/home/abi/fetcher/20230512:rw registry.salsa.debian.org/reproducible-builds/diffoscope --no-progress tmp/CxAdmin-1.0.8.tar.gz tmp/CxAdmin-1.0.9.tar.gz --markdown 20230512/C/CxAdmin/1.0.8-1.0.9/diff.md --exclude *.pyd
[2023-05-12 00:01:37] INFO root fetch - processPackages [tinybrain]: Downloading https://files.pythonhosted.org/packages/61/27/be2056d90fdd911816ed52b99b0e4a77d7703b4b28a22ad77b78f8ed50db/tinybrain-1.3.1.tar.gz
[2023-05-12 00:01:37] INFO root fetch - processPackages [xgridfit]: Downloading https://files.pythonhosted.org/packages/ce/f7/f57e3ac88f0e7d56c728c02939cd98ea94ae7d8c76c0b7749400363773e8/xgridfit-3.3.0.tar.gz
[2023-05-12 00:01:37] INFO root fetch - processPackages [ladybug-comfort]: Downloading https://files.pythonhosted.org/packages/6a/bf/8102b0e33435882b5600b8c0d7b5ebb92e379d665f3767b706dce6bdd2d3/ladybug-comfort-0.9.8.tar.gz
[2023-05-12 00:01:37] INFO root fetch - processPackages [xgridfit]: executing diffoscope
[2023-05-12 00:01:37] INFO root fetch - processPackages [xgridfit]: podman run --user 0:0 --rm -w /home/abi/fetcher -v /home/abi/fetcher/tmp:/home/abi/fetcher/tmp:ro -v /home/abi/fetcher/20230512:/home/abi/fetcher/20230512:rw registry.salsa.debian.org/reproducible-builds/diffoscope --no-progress tmp/xgridfit-3.2.9.tar.gz tmp/xgridfit-3.3.0.tar.gz --markdown 20230512/x/xgridfit/3.2.9-3.3.0/diff.md --exclude *.pyd
[2023-05-12 00:01:37] INFO root fetch - processPackages [tinybrain]: Downloading https://files.pythonhosted.org/packages/b3/f8/ed0a06357cc7ff3db86ecf09caf43501e51e6268df6de2408d558853eab5/tinybrain-1.3.2-cp39-cp39-manylinux_2_5_i686.manylinux1_i686.manylinux_2_17_i686.manylinux2014_i686.whl
[2023-05-12 00:01:37] INFO root fetch - processPackages [ladybug-comfort]: Downloading https://files.pythonhosted.org/packages/01/02/b871500d4bb81f18c253d98ce272a040dfa679de4682eb2f66a1f039c17a/ladybug-comfort-0.9.9.tar.gz
[2023-05-12 00:01:37] INFO root fetch - processPackages [xformers]: Start processing: robothub-oak
[2023-05-12 00:01:37] INFO root fetch - main [MainThread]: End processing [xformers]: success
[2023-05-12 00:01:37] INFO root fetch - processPackages [robothub-oak]: New version: [1.1.2] Old Version: [1.1.1]
[2023-05-12 00:01:37] INFO root fetch - processPackages [cdk-nag]: Start processing: cyaxares
[2023-05-12 00:01:37] INFO root fetch - main [MainThread]: End processing [cdk-nag]: success
[2023-05-12 00:01:37] INFO root fetch - processPackages [ladybug-comfort]: executing diffoscope
[2023-05-12 00:01:37] INFO root fetch - processPackages [ladybug-comfort]: podman run --user 0:0 --rm -w /home/abi/fetcher -v /home/abi/fetcher/tmp:/home/abi/fetcher/tmp:ro -v /home/abi/fetcher/20230512:/home/abi/fetcher/20230512:rw registry.salsa.debian.org/reproducible-builds/diffoscope --no-progress tmp/ladybug-comfort-0.9.8.tar.gz tmp/ladybug-comfort-0.9.9.tar.gz --markdown 20230512/l/ladybug-comfort/0.9.8-0.9.9/diff.md --exclude *.pyd
[2023-05-12 00:01:37] WARNING root fetch - processPackages [cyaxares]: Skipping, unable to determine old version
[2023-05-12 00:01:37] INFO root fetch - processPackages [cyaxares]: Start processing: kolo
[2023-05-12 00:01:37] INFO root fetch - main [MainThread]: End processing [cyaxares] error
[2023-05-12 00:01:37] INFO root fetch - processPackages [kolo]: New version: [2.8.1] Old Version: [2.8.0]
[2023-05-12 00:01:37] INFO root fetch - processPackages [robothub-oak]: Downloading https://files.pythonhosted.org/packages/43/c1/47886e0e59180db96d9f18d4954b17d30b5edae550230a50071d51b1e7cc/robothub_oak-1.1.2.tar.gz
[2023-05-12 00:01:37] INFO root fetch - processPackages [tinybrain]: executing diffoscope
[2023-05-12 00:01:37] INFO root fetch - processPackages [tinybrain]: podman run --user 0:0 --rm -w /home/abi/fetcher -v /home/abi/fetcher/tmp:/home/abi/fetcher/tmp:ro -v /home/abi/fetcher/20230512:/home/abi/fetcher/20230512:rw registry.salsa.debian.org/reproducible-builds/diffoscope --no-progress tmp/tinybrain-1.3.1.tar.gz tmp/tinybrain-1.3.2-cp39-cp39-manylinux_2_5_i686.manylinux1_i686.manylinux_2_17_i686.manylinux2014_i686.whl.zip --markdown 20230512/t/tinybrain/1.3.1-1.3.2/diff.md --exclude *.pyd
[2023-05-12 00:01:38] INFO root fetch - processPackages [honeybee-core]: Start processing: segment-studio
[2023-05-12 00:01:38] INFO root fetch - main [MainThread]: End processing [honeybee-core]: success
[2023-05-12 00:01:38] INFO root fetch - processPackages [robothub-oak]: executing diffoscope
[2023-05-12 00:01:38] INFO root fetch - processPackages [robothub-oak]: podman run --user 0:0 --rm -w /home/abi/fetcher -v /home/abi/fetcher/tmp:/home/abi/fetcher/tmp:ro -v /home/abi/fetcher/20230512:/home/abi/fetcher/20230512:rw registry.salsa.debian.org/reproducible-builds/diffoscope --no-progress tmp/robothub_oak-1.1.1.tar.gz tmp/robothub_oak-1.1.2.tar.gz --markdown 20230512/r/robothub-oak/1.1.1-1.1.2/diff.md --exclude *.pyd
[2023-05-12 00:01:38] WARNING root fetch - processPackages [segment-studio]: Skipping, unable to determine old version
[2023-05-12 00:01:38] INFO root fetch - main [MainThread]: End processing [segment-studio] error
[2023-05-12 00:01:38] INFO root fetch - processPackages [kolo]: Downloading https://files.pythonhosted.org/packages/fc/02/665f107ce1da15f253a523e54e4fb33d58f453f36f5442105312d7f59ae7/kolo-2.8.0.tar.gz
[2023-05-12 00:01:38] INFO root fetch - main [MainThread]: End processing [CxAdmin]: success
[2023-05-12 00:01:38] INFO root fetch - processPackages [kolo]: Downloading https://files.pythonhosted.org/packages/f6/b8/e896cef563f835fc93eff9a6e1dc0cf2f55d59c9e2342650f4b75a89b2b0/kolo-2.8.1-cp311-none-win_amd64.whl
[2023-05-12 00:01:38] INFO root fetch - processPackages [kolo]: executing diffoscope
[2023-05-12 00:01:38] INFO root fetch - processPackages [kolo]: podman run --user 0:0 --rm -w /home/abi/fetcher -v /home/abi/fetcher/tmp:/home/abi/fetcher/tmp:ro -v /home/abi/fetcher/20230512:/home/abi/fetcher/20230512:rw registry.salsa.debian.org/reproducible-builds/diffoscope --no-progress tmp/kolo-2.8.0.tar.gz tmp/kolo-2.8.1-cp311-none-win_amd64.whl.zip --markdown 20230512/k/kolo/2.8.0-2.8.1/diff.md --exclude *.pyd
[2023-05-12 00:01:39] INFO root fetch - main [MainThread]: End processing [ladybug-comfort]: success
[2023-05-12 00:01:39] INFO root fetch - main [MainThread]: End processing [robothub-oak]: success
[2023-05-12 00:01:39] INFO root fetch - main [MainThread]: End processing [tinybrain]: success
[2023-05-12 00:01:40] INFO root fetch - main [MainThread]: End processing [ygt]: success
[2023-05-12 00:01:40] INFO root fetch - main [MainThread]: End processing [xgridfit]: success
[2023-05-12 00:01:40] INFO root fetch - main [MainThread]: End processing [kolo]: success
[2023-05-12 00:01:54] INFO root fetch - main [MainThread]: End processing [lusid-sdk]: success
[2023-05-12 00:02:12] INFO root fetch - main [MainThread]: End processing [lusid-sdk-preview]: success
[2023-05-12 00:02:12] INFO root fetch - main [MainThread]: Store serial: [18070139]
[2023-05-12 00:07:17] INFO root fetch - main [MainThread]: Get Changelog since Serial: [18070139]
[2023-05-12 00:07:22] INFO root fetch - main [MainThread]: Found 12 changed packages
[2023-05-12 00:07:22] INFO root fetch - processPackages [ThreadPoolExecutor-0_0]: Start processing: odoo14-addon-website-sale-product-item-cart-custom-qty
[2023-05-12 00:07:22] INFO root fetch - processPackages [ThreadPoolExecutor-0_1]: Start processing: daqpp
[2023-05-12 00:07:22] INFO root fetch - processPackages [ThreadPoolExecutor-0_2]: Start processing: ink-extensions
[2023-05-12 00:07:22] INFO root fetch - processPackages [ThreadPoolExecutor-0_3]: Start processing: py-hot-reload
[2023-05-12 00:07:22] INFO root fetch - processPackages [ThreadPoolExecutor-0_4]: Start processing: ygt
[2023-05-12 00:07:22] INFO root fetch - processPackages [ThreadPoolExecutor-0_5]: Start processing: odoo14-addon-event-registration-qr-code
[2023-05-12 00:07:22] INFO root fetch - processPackages [ThreadPoolExecutor-0_6]: Start processing: pulumi-minio
[2023-05-12 00:07:22] INFO root fetch - processPackages [ThreadPoolExecutor-0_7]: Start processing: chalk-harness
[2023-05-12 00:07:22] INFO root fetch - processPackages [ThreadPoolExecutor-0_8]: Start processing: gpjax
[2023-05-12 00:07:22] INFO root fetch - processPackages [ThreadPoolExecutor-0_9]: Start processing: odoo-addon-website-sale-product-attribute-value-filter-existing
[2023-05-12 00:07:22] WARNING root fetch - processPackages [daqpp]: Skipping, unable to determine old version
[2023-05-12 00:07:22] INFO root fetch - processPackages [pulumi-minio]: New version: [0.9.1a1682440158] Old Version: [0.9.1a1681933919]
[2023-05-12 00:07:22] INFO root fetch - processPackages [daqpp]: Start processing: garlandtools-async
[2023-05-12 00:07:22] INFO root fetch - main [MainThread]: End processing [daqpp] error
[2023-05-12 00:07:22] WARNING root fetch - processPackages [py-hot-reload]: Skipping, unable to determine old version
[2023-05-12 00:07:22] INFO root fetch - processPackages [py-hot-reload]: Start processing: foundry-ml
[2023-05-12 00:07:22] INFO root fetch - main [MainThread]: End processing [py-hot-reload] error
[2023-05-12 00:07:22] INFO root fetch - processPackages [ygt]: New version: [0.2.0] Old Version: [0.1.6]
[2023-05-12 00:07:22] INFO root fetch - processPackages [gpjax]: New version: [0.6] Old Version: [0.5.9]
[2023-05-12 00:07:22] INFO root fetch - processPackages [chalk-harness]: New version: [0.9.9] Old Version: [0.9.8]
[2023-05-12 00:07:22] INFO root fetch - processPackages [pulumi-minio]: executing diffoscope
[2023-05-12 00:07:22] INFO root fetch - processPackages [pulumi-minio]: podman run --user 0:0 --rm -w /home/abi/fetcher -v /home/abi/fetcher/tmp:/home/abi/fetcher/tmp:ro -v /home/abi/fetcher/20230512:/home/abi/fetcher/20230512:rw registry.salsa.debian.org/reproducible-builds/diffoscope --no-progress tmp/pulumi_minio-0.9.1a1681933919.tar.gz tmp/pulumi_minio-0.9.1a1682440158.tar.gz --markdown 20230512/p/pulumi-minio/0.9.1a1681933919-0.9.1a1682440158/diff.md --exclude *.pyd
[2023-05-12 00:07:22] WARNING root fetch - processPackages [odoo14-addon-website-sale-product-item-cart-custom-qty]: Skipping, unable to determine old version
[2023-05-12 00:07:22] INFO root fetch - main [MainThread]: End processing [odoo14-addon-website-sale-product-item-cart-custom-qty] error
[2023-05-12 00:07:22] INFO root fetch - processPackages [chalk-harness]: executing diffoscope
[2023-05-12 00:07:22] INFO root fetch - processPackages [chalk-harness]: podman run --user 0:0 --rm -w /home/abi/fetcher -v /home/abi/fetcher/tmp:/home/abi/fetcher/tmp:ro -v /home/abi/fetcher/20230512:/home/abi/fetcher/20230512:rw registry.salsa.debian.org/reproducible-builds/diffoscope --no-progress tmp/chalk-harness-0.9.8.tar.gz tmp/chalk-harness-0.9.9.tar.gz --markdown 20230512/c/chalk-harness/0.9.8-0.9.9/diff.md --exclude *.pyd
[2023-05-12 00:07:22] WARNING root fetch - processPackages [odoo14-addon-event-registration-qr-code]: Skipping, unable to determine old version
[2023-05-12 00:07:22] INFO root fetch - main [MainThread]: End processing [odoo14-addon-event-registration-qr-code] error
[2023-05-12 00:07:22] INFO root fetch - processPackages [ygt]: executing diffoscope
[2023-05-12 00:07:22] INFO root fetch - processPackages [ygt]: podman run --user 0:0 --rm -w /home/abi/fetcher -v /home/abi/fetcher/tmp:/home/abi/fetcher/tmp:ro -v /home/abi/fetcher/20230512:/home/abi/fetcher/20230512:rw registry.salsa.debian.org/reproducible-builds/diffoscope --no-progress tmp/ygt-0.1.6.tar.gz tmp/ygt-0.2.0.tar.gz --markdown 20230512/y/ygt/0.1.6-0.2.0/diff.md --exclude *.pyd
[2023-05-12 00:07:22] INFO root fetch - processPackages [odoo-addon-website-sale-product-attribute-value-filter-existing]: New version: [16.0.1.0.1] Old Version: [16.0.1.0.0.2]
[2023-05-12 00:07:22] INFO root fetch - processPackages [garlandtools-async]: New version: [0.1.1] Old Version: [0.1.0]
[2023-05-12 00:07:22] INFO root fetch - processPackages [ink-extensions]: New version: [1.3.0] Old Version: [1.2.0]
[2023-05-12 00:07:22] INFO root fetch - processPackages [foundry-ml]: New version: [0.6.2] Old Version: [0.6.0]
[2023-05-12 00:07:22] INFO root fetch - processPackages [garlandtools-async]: Downloading https://files.pythonhosted.org/packages/95/5d/113dcfa517108ac8da888cefdc4c49114933dfd96883b0c3b5b8cf7184c4/garlandtools_async-0.1.0.tar.gz
[2023-05-12 00:07:22] INFO root fetch - processPackages [odoo-addon-website-sale-product-attribute-value-filter-existing]: Downloading https://files.pythonhosted.org/packages/e8/34/e6ea673f43e36110b9cd2b406d68a087fe23af93640fc208633ff05179df/odoo_addon_website_sale_product_attribute_value_filter_existing-16.0.1.0.0.2-py3-none-any.whl
[2023-05-12 00:07:22] INFO root fetch - processPackages [ink-extensions]: Downloading https://files.pythonhosted.org/packages/12/18/499769d8d1e793eadfcef90b5906c8c60a927ecc33b9f8cfaa8a12f3c518/ink_extensions-1.2.0.tar.gz
[2023-05-12 00:07:22] INFO root fetch - processPackages [foundry-ml]: Downloading https://files.pythonhosted.org/packages/7c/07/afb679d3059629ccb9cbc697d27a8846ce85d36ca5f08022d37e7275b805/foundry_ml-0.6.0.tar.gz
[2023-05-12 00:07:22] INFO root fetch - processPackages [gpjax]: executing diffoscope
[2023-05-12 00:07:22] INFO root fetch - processPackages [gpjax]: podman run --user 0:0 --rm -w /home/abi/fetcher -v /home/abi/fetcher/tmp:/home/abi/fetcher/tmp:ro -v /home/abi/fetcher/20230512:/home/abi/fetcher/20230512:rw registry.salsa.debian.org/reproducible-builds/diffoscope --no-progress tmp/gpjax-0.5.9.tar.gz tmp/gpjax-0.6.tar.gz --markdown 20230512/g/gpjax/0.5.9-0.6/diff.md --exclude *.pyd
[2023-05-12 00:07:22] INFO root fetch - processPackages [garlandtools-async]: Downloading https://files.pythonhosted.org/packages/a8/f6/a3adef23522dd788fb70f9b7a485759e87a11f24013f207fa72158aae2c3/garlandtools_async-0.1.1.tar.gz
[2023-05-12 00:07:22] INFO root fetch - processPackages [foundry-ml]: Downloading https://files.pythonhosted.org/packages/c1/dd/346a9de48961875f5d32ecf98dbf5c78044ffcf9fa027ed73413fff042bd/foundry_ml-0.6.2.tar.gz
[2023-05-12 00:07:22] INFO root fetch - processPackages [ink-extensions]: Downloading https://files.pythonhosted.org/packages/c8/98/497ec77c5639026a867fa62d5ced0225b14baf6b07e00b0ac9aceaae71d0/ink_extensions-1.3.0.tar.gz
[2023-05-12 00:07:22] INFO root fetch - processPackages [garlandtools-async]: executing diffoscope
[2023-05-12 00:07:22] INFO root fetch - processPackages [garlandtools-async]: podman run --user 0:0 --rm -w /home/abi/fetcher -v /home/abi/fetcher/tmp:/home/abi/fetcher/tmp:ro -v /home/abi/fetcher/20230512:/home/abi/fetcher/20230512:rw registry.salsa.debian.org/reproducible-builds/diffoscope --no-progress tmp/garlandtools_async-0.1.0.tar.gz tmp/garlandtools_async-0.1.1.tar.gz --markdown 20230512/g/garlandtools-async/0.1.0-0.1.1/diff.md --exclude *.pyd
[2023-05-12 00:07:22] INFO root fetch - processPackages [odoo-addon-website-sale-product-attribute-value-filter-existing]: Downloading https://files.pythonhosted.org/packages/c8/19/e6d44f74c102b35ba7873dc1da073a4c699aab62f4b51ca70f65b7179e95/odoo_addon_website_sale_product_attribute_value_filter_existing-16.0.1.0.1-py3-none-any.whl
[2023-05-12 00:07:22] INFO root fetch - processPackages [foundry-ml]: executing diffoscope
[2023-05-12 00:07:22] INFO root fetch - processPackages [foundry-ml]: podman run --user 0:0 --rm -w /home/abi/fetcher -v /home/abi/fetcher/tmp:/home/abi/fetcher/tmp:ro -v /home/abi/fetcher/20230512:/home/abi/fetcher/20230512:rw registry.salsa.debian.org/reproducible-builds/diffoscope --no-progress tmp/foundry_ml-0.6.0.tar.gz tmp/foundry_ml-0.6.2.tar.gz --markdown 20230512/f/foundry-ml/0.6.0-0.6.2/diff.md --exclude *.pyd
[2023-05-12 00:07:22] INFO root fetch - processPackages [ink-extensions]: executing diffoscope
[2023-05-12 00:07:22] INFO root fetch - processPackages [ink-extensions]: podman run --user 0:0 --rm -w /home/abi/fetcher -v /home/abi/fetcher/tmp:/home/abi/fetcher/tmp:ro -v /home/abi/fetcher/20230512:/home/abi/fetcher/20230512:rw registry.salsa.debian.org/reproducible-builds/diffoscope --no-progress tmp/ink_extensions-1.2.0.tar.gz tmp/ink_extensions-1.3.0.tar.gz --markdown 20230512/i/ink-extensions/1.2.0-1.3.0/diff.md --exclude *.pyd
[2023-05-12 00:07:22] INFO root fetch - processPackages [odoo-addon-website-sale-product-attribute-value-filter-existing]: executing diffoscope
[2023-05-12 00:07:22] INFO root fetch - processPackages [odoo-addon-website-sale-product-attribute-value-filter-existing]: podman run --user 0:0 --rm -w /home/abi/fetcher -v /home/abi/fetcher/tmp:/home/abi/fetcher/tmp:ro -v /home/abi/fetcher/20230512:/home/abi/fetcher/20230512:rw registry.salsa.debian.org/reproducible-builds/diffoscope --no-progress tmp/odoo_addon_website_sale_product_attribute_value_filter_existing-16.0.1.0.0.2-py3-none-any.whl.zip tmp/odoo_addon_website_sale_product_attribute_value_filter_existing-16.0.1.0.1-py3-none-any.whl.zip --markdown 20230512/o/odoo-addon-website-sale-product-attribute-value-filter-existing/16.0.1.0.0.2-16.0.1.0.1/diff.md --exclude *.pyd
[2023-05-12 00:07:23] INFO root fetch - main [MainThread]: End processing [chalk-harness]: success
[2023-05-12 00:07:23] INFO root fetch - main [MainThread]: End processing [pulumi-minio]: success
[2023-05-12 00:07:23] INFO root fetch - main [MainThread]: End processing [gpjax]: success
[2023-05-12 00:07:24] INFO root fetch - main [MainThread]: End processing [garlandtools-async]: success
[2023-05-12 00:07:24] INFO root fetch - main [MainThread]: End processing [foundry-ml]: success
[2023-05-12 00:07:24] INFO root fetch - main [MainThread]: End processing [odoo-addon-website-sale-product-attribute-value-filter-existing]: success
[2023-05-12 00:07:24] INFO root fetch - main [MainThread]: End processing [ink-extensions]: success
[2023-05-12 00:07:25] INFO root fetch - main [MainThread]: End processing [ygt]: success
[2023-05-12 00:07:25] INFO root fetch - main [MainThread]: Store serial: [18070227]
